Added Component: Designator=74HC4066(74HC4066D)
Added Component: Designator=C1(cap0402)
Added Component: Designator=C2(cap0402)
Added Component: Designator=GMRbase(GMRbase)
Added Component: Designator=R1(res0402)
Added Component: Designator=R2(res0402)
Added Component: Designator=R3(res0402)
Added Component: Designator=R4(res0402)
Added Component: Designator=R5(res0402)
Added Component: Designator=SW1(3p)
Added Component: Designator=SW2(3p)
Added Pin To Net: NetName=GND Pin=R3-1
Added Net: Name=GND
Added Pin To Net: NetName=Net74HC4066_2 Pin=74HC4066-2
Added Pin To Net: NetName=Net74HC4066_2 Pin=R2-1
Added Net: Name=Net74HC4066_2
Added Pin To Net: NetName=Net74HC4066_3 Pin=74HC4066-3
Added Pin To Net: NetName=Net74HC4066_3 Pin=GMRbase-3
Added Net: Name=Net74HC4066_3
Added Pin To Net: NetName=Net74HC4066_4 Pin=74HC4066-4
Added Pin To Net: NetName=Net74HC4066_4 Pin=R4-1
Added Net: Name=Net74HC4066_4
Added Pin To Net: NetName=Net74HC4066_13 Pin=74HC4066-13
Added Pin To Net: NetName=Net74HC4066_13 Pin=SW1-2
Added Net: Name=Net74HC4066_13
Added Pin To Net: NetName=NetC1_1 Pin=C1-1
Added Pin To Net: NetName=NetC1_1 Pin=GMRbase-4
Added Pin To Net: NetName=NetC1_1 Pin=R5-1
Added Net: Name=NetC1_1
Added Pin To Net: NetName=NetC1_2 Pin=C1-2
Added Pin To Net: NetName=NetC1_2 Pin=R4-2
Added Pin To Net: NetName=NetC1_2 Pin=SW2-0
Added Net: Name=NetC1_2
Added Pin To Net: NetName=NetC2_1 Pin=C2-1
Added Pin To Net: NetName=NetC2_1 Pin=SW2-2
Added Net: Name=NetC2_1
Added Pin To Net: NetName=NetC2_2 Pin=C2-2
Added Pin To Net: NetName=NetC2_2 Pin=R5-2
Added Net: Name=NetC2_2
Added Pin To Net: NetName=NetGMRbase_1 Pin=GMRbase-1
Added Pin To Net: NetName=NetGMRbase_1 Pin=SW1-0
Added Net: Name=NetGMRbase_1
Added Pin To Net: NetName=NetGMRbase_2 Pin=GMRbase-2
Added Pin To Net: NetName=NetGMRbase_2 Pin=R1-1
Added Net: Name=NetGMRbase_2
Added Pin To Net: NetName=NetGMRbase_5 Pin=GMRbase-5
Added Pin To Net: NetName=NetGMRbase_5 Pin=GMRbase-6
Added Pin To Net: NetName=NetGMRbase_5 Pin=R3-2
Added Net: Name=NetGMRbase_5
Added Pin To Net: NetName=NetR2_2 Pin=R2-2
Added Pin To Net: NetName=NetR2_2 Pin=SW1-1
Added Net: Name=NetR2_2
Added Pin To Net: NetName=VCC Pin=74HC4066-1
Added Pin To Net: NetName=VCC Pin=74HC4066-14
Added Net: Name=VCC
Added Class: Name=GMRpcb
Added Room: Name=GMRpcb
